0 info it worked if it ends with ok
1 verbose cli [ 'F:\\work-software\\node.js\\\\node.exe',
1 verbose cli   'F:\\work-software\\node.js\\node_modules\\npm\\bin\\npm-cli.js',
1 verbose cli   'install',
1 verbose cli   'load-grunt-task',
1 verbose cli   '--save-dev' ]
2 info using npm@1.4.28
3 info using node@v0.10.32
4 verbose node symlink F:\work-software\node.js\\node.exe
5 warn package.json grunt-empty@1.0.0 No repository field.
6 warn package.json grunt-empty@1.0.0 No README data
7 verbose readDependencies using package.json deps
8 verbose cache add [ 'load-grunt-task', null ]
9 verbose cache add name=undefined spec="load-grunt-task" args=["load-grunt-task",null]
10 verbose parsed url { protocol: null,
10 verbose parsed url   slashes: null,
10 verbose parsed url   auth: null,
10 verbose parsed url   host: null,
10 verbose parsed url   port: null,
10 verbose parsed url   hostname: null,
10 verbose parsed url   hash: null,
10 verbose parsed url   search: null,
10 verbose parsed url   query: null,
10 verbose parsed url   pathname: 'load-grunt-task',
10 verbose parsed url   path: 'load-grunt-task',
10 verbose parsed url   href: 'load-grunt-task' }
11 silly lockFile a93fcbf8-load-grunt-task load-grunt-task
12 verbose lock load-grunt-task C:\Users\Administrator\AppData\Roaming\npm-cache\a93fcbf8-load-grunt-task.lock
13 silly lockFile a93fcbf8-load-grunt-task load-grunt-task
14 silly lockFile a93fcbf8-load-grunt-task load-grunt-task
15 verbose addNamed [ 'load-grunt-task', '' ]
16 verbose addNamed [ null, '*' ]
17 silly lockFile 7524ef15-load-grunt-task load-grunt-task@
18 verbose lock load-grunt-task@ C:\Users\Administrator\AppData\Roaming\npm-cache\7524ef15-load-grunt-task.lock
19 silly addNameRange { name: 'load-grunt-task', range: '*', hasData: false }
20 verbose request where is /load-grunt-task
21 verbose request registry https://registry.npmjs.org/
22 verbose request id 0deb1fb388a51b31
23 verbose url raw /load-grunt-task
24 verbose url resolving [ 'https://registry.npmjs.org/', './load-grunt-task' ]
25 verbose url resolved https://registry.npmjs.org/load-grunt-task
26 verbose request where is https://registry.npmjs.org/load-grunt-task
27 info trying registry request attempt 1 at 10:35:31
28 http GET https://registry.npmjs.org/load-grunt-task
29 http 404 https://registry.npmjs.org/load-grunt-task
30 verbose headers { date: 'Fri, 02 Jan 2015 10:36:04 GMT',
30 verbose headers   server: 'CouchDB/1.5.0 (Erlang OTP/R16B03)',
30 verbose headers   'content-type': 'application/json',
30 verbose headers   'cache-control': 'max-age=0',
30 verbose headers   'content-length': '52',
30 verbose headers   'accept-ranges': 'bytes',
30 verbose headers   via: '1.1 varnish',
30 verbose headers   age: '0',
30 verbose headers   'x-served-by': 'cache-hk91-HKG',
30 verbose headers   'x-cache': 'MISS',
30 verbose headers   'x-cache-hits': '0',
30 verbose headers   'x-timer': 'S1420194963.880293,VS0,VE238',
30 verbose headers   'keep-alive': 'timeout=10, max=50',
30 verbose headers   connection: 'Keep-Alive' }
31 silly registry.get cb [ 404,
31 silly registry.get   { date: 'Fri, 02 Jan 2015 10:36:04 GMT',
31 silly registry.get     server: 'CouchDB/1.5.0 (Erlang OTP/R16B03)',
31 silly registry.get     'content-type': 'application/json',
31 silly registry.get     'cache-control': 'max-age=0',
31 silly registry.get     'content-length': '52',
31 silly registry.get     'accept-ranges': 'bytes',
31 silly registry.get     via: '1.1 varnish',
31 silly registry.get     age: '0',
31 silly registry.get     'x-served-by': 'cache-hk91-HKG',
31 silly registry.get     'x-cache': 'MISS',
31 silly registry.get     'x-cache-hits': '0',
31 silly registry.get     'x-timer': 'S1420194963.880293,VS0,VE238',
31 silly registry.get     'keep-alive': 'timeout=10, max=50',
31 silly registry.get     connection: 'Keep-Alive' } ]
32 silly lockFile 7524ef15-load-grunt-task load-grunt-task@
33 silly lockFile 7524ef15-load-grunt-task load-grunt-task@
34 error 404 404 Not Found: load-grunt-task
34 error 404
34 error 404 'load-grunt-task' is not in the npm registry.
34 error 404 You should bug the author to publish it
34 error 404 It was specified as a dependency of 'grunt-empty'
34 error 404
34 error 404 Note that you can also install from a
34 error 404 tarball, folder, or http url, or git url.
35 error System Windows_NT 6.2.9200
36 error command "F:\\work-software\\node.js\\\\node.exe" "F:\\work-software\\node.js\\node_modules\\npm\\bin\\npm-cli.js" "install" "load-grunt-task" "--save-dev"
37 error cwd E:\test\grunt-in-action\grunt-empty
38 error node -v v0.10.32
39 error npm -v 1.4.28
40 error code E404
41 verbose exit [ 1, true ]
